<?xml version="1.0" encoding="UTF-8"?>
<!-- Generated by org.testng.reporters.JUnitReportReporter -->
<testsuite hostname="Prasannakumar" failures="0" tests="1" name="base.LoginTestPage" time="4.942" errors="0" timestamp="2024-03-06T17:07:27 IST" skipped="0">
  <testcase classname="base.LoginTestPage" name="verifyLoginFunction" time="4.942"/>
  <system-out/>
</testsuite> <!-- base.LoginTestPage -->
