<?xml version="1.0" encoding="UTF-8"?>
<!-- Generated by org.testng.reporters.JUnitReportReporter -->
<testsuite hostname="Prasannakumar" failures="0" tests="1" name="base.ProductsTestPage" time="12.245" errors="0" timestamp="2024-03-07T17:25:01 IST" skipped="0">
  <testcase classname="base.ProductsTestPage" name="TestSearchProduct" time="12.245"/>
  <system-out/>
</testsuite> <!-- base.ProductsTestPage -->
