<?xml version="1.0" encoding="UTF-8"?>
<!-- Generated by org.testng.reporters.JUnitReportReporter -->
<testsuite hostname="Prasannakumar" failures="0" tests="1" name="base.DashboardTestPage" time="10.525" errors="0" timestamp="2024-03-07T17:09:44 IST" skipped="0">
  <testcase classname="base.DashboardTestPage" name="TestProductLink" time="10.525"/>
  <system-out/>
</testsuite> <!-- base.DashboardTestPage -->
